# JRE version: Java(TM) SE Runtime Environment (23.0.2+7) (build 23.0.2+7-58)
# Java VM: Java HotSpot(TM) 64-Bit Server VM (23.0.2+7-58, mixed mode, sharing, tiered, compressed oops, compressed class ptrs, g1 gc, windows-amd64)
GC Precious Log:
 CardTable entry size: 512
 Card Set container configuration: InlinePtr #cards 5 size 8 Array Of Cards #cards 10 size 36 Howl #buckets 4 coarsen threshold 1843 Howl Bitmap #cards 512 size 80 coarsen threshold 460 Card regions per heap region 1 cards per card region 2048
 CPUs: 8 total, 8 available
 Memory: 8035M
 Large Page Support: Disabled
 NUMA Support: Disabled
 Compressed Oops: Enabled (32-bit)
 Heap Region Size: 1M
 Heap Min Capacity: 8M
 Heap Initial Capacity: 126M
 Heap Max Capacity: 2010M
 Pre-touch: Disabled
 Parallel Workers: 8
 Concurrent Workers: 2
 Concurrent Refinement Workers: 8
 Periodic GC: Disabled
Heap:
 garbage-first heap   total reserved 2058240K, committed 129024K, used 48670K [0x0000000082600000, 0x0000000100000000)
  region size 1024K, 41 young (41984K), 1 survivors (1024K)
 Metaspace       used 10575K, committed 10880K, reserved 1114112K
  class space    used 1203K, committed 1344K, reserved 1048576K
GC Heap History (8 events):
Event: 8.300 GC heap before
{Heap before GC invocations=0 (full 0):
 garbage-first heap   total reserved 2058240K, committed 129024K, used 29696K [0x0000000082600000, 0x0000000100000000)
  region size 1024K, 24 young (24576K), 0 survivors (0K)
 Metaspace       used 9964K, committed 10240K, reserved 1114112K
  class space    used 1197K, committed 1344K, reserved 1048576K
}
Event: 8.322 GC heap after
{Heap after GC invocations=1 (full 0):
 garbage-first heap   total reserved 2058240K, committed 129024K, used 8746K [0x0000000082600000, 0x0000000100000000)
  region size 1024K, 3 young (3072K), 3 survivors (3072K)
 Metaspace       used 9964K, committed 10240K, reserved 1114112K
  class space    used 1197K, committed 1344K, reserved 1048576K
}
Event: 18.134 GC heap before
{Heap before GC invocations=1 (full 0):
 garbage-first heap   total reserved 2058240K, committed 129024K, used 30250K [0x0000000082600000, 0x0000000100000000)
  region size 1024K, 25 young (25600K), 3 survivors (3072K)
 Metaspace       used 10213K, committed 10496K, reserved 1114112K
  class space    used 1199K, committed 1344K, reserved 1048576K
}
Event: 18.148 GC heap after
{Heap after GC invocations=2 (full 0):
 garbage-first heap   total reserved 2058240K, committed 129024K, used 9484K [0x0000000082600000, 0x0000000100000000)
  region size 1024K, 1 young (1024K), 1 survivors (1024K)
 Metaspace       used 10213K, committed 10496K, reserved 1114112K
  class space    used 1199K, committed 1344K, reserved 1048576K
}
Event: 31.953 GC heap before
{Heap before GC invocations=2 (full 0):
 garbage-first heap   total reserved 2058240K, committed 129024K, used 56588K [0x0000000082600000, 0x0000000100000000)
  region size 1024K, 48 young (49152K), 1 survivors (1024K)
 Metaspace       used 10472K, committed 10752K, reserved 1114112K
  class space    used 1203K, committed 1344K, reserved 1048576K
}
Event: 31.956 GC heap after
{Heap after GC invocations=3 (full 0):
 garbage-first heap   total reserved 2058240K, committed 129024K, used 9772K [0x0000000082600000, 0x0000000100000000)
  region size 1024K, 1 young (1024K), 1 survivors (1024K)
 Metaspace       used 10472K, committed 10752K, reserved 1114112K
  class space    used 1203K, committed 1344K, reserved 1048576K
}
Event: 33.171 GC heap before
{Heap before GC invocations=3 (full 0):
 garbage-first heap   total reserved 2058240K, committed 129024K, used 71212K [0x0000000082600000, 0x0000000100000000)
  region size 1024K, 62 young (63488K), 1 survivors (1024K)
 Metaspace       used 10516K, committed 10816K, reserved 1114112K
  class space    used 1203K, committed 1344K, reserved 1048576K
}
Event: 33.177 GC heap after
{Heap after GC invocations=4 (full 0):
 garbage-first heap   total reserved 2058240K, committed 129024K, used 9758K [0x0000000082600000, 0x0000000100000000)
  region size 1024K, 1 young (1024K), 1 survivors (1024K)
 Metaspace       used 10516K, committed 10816K, reserved 1114112K
  class space    used 1203K, committed 1344K, reserved 1048576K
}

