# JRE version: OpenJDK Runtime Environment Temurin-21.0.7+6 (21.0.7+6) (build 21.0.7+6-LTS)
# Java VM: OpenJDK 64-Bit Server VM Temurin-21.0.7+6 (21.0.7+6-LTS, mixed mode, sharing, tiered, compressed oops, compressed class ptrs, parallel gc, windows-amd64)
GC Precious Log:
 CardTable entry size: 512
 CPUs: 8 total, 8 available
 Memory: 8035M
 Large Page Support: Disabled
 NUMA Support: Disabled
 Compressed Oops: Enabled (32-bit)
 Alignments: Space 512K, Generation 512K, Heap 2M
 Heap Min Capacity: 100M
 Heap Initial Capacity: 100M
 Heap Max Capacity: 1G
 Pre-touch: Disabled
 Parallel Workers: 8
Heap:
 PSYoungGen      total 4608K, used 1680K [0x00000000eab00000, 0x00000000eb300000, 0x0000000100000000)
  eden space 3072K, 14% used [0x00000000eab00000,0x00000000eab70148,0x00000000eae00000)
  from space 1536K, 80% used [0x00000000eae00000,0x00000000eaf34000,0x00000000eaf80000)
  to   space 2560K, 0% used [0x00000000eb080000,0x00000000eb080000,0x00000000eb300000)
 ParOldGen       total 523264K, used 522863K [0x00000000c0000000, 0x00000000dff00000, 0x00000000eab00000)
  object space 523264K, 99% used [0x00000000c0000000,0x00000000dfe9bdc0,0x00000000dff00000)
 Metaspace       used 60936K, committed 62336K, reserved 1114112K
  class space    used 6370K, committed 6976K, reserved 1048576K
GC Heap History (20 events):
Event: 97.129 GC heap before
{Heap before GC invocations=529 (full 3):
 PSYoungGen      total 6656K, used 6656K [0x00000000eab00000, 0x00000000ebc00000, 0x0000000100000000)
  eden space 4096K, 100% used [0x00000000eab00000,0x00000000eaf00000,0x00000000eaf00000)
  from space 2560K, 100% used [0x00000000eaf00000,0x00000000eb180000,0x00000000eb180000)
  to   space 6144K, 0% used [0x00000000eb600000,0x00000000eb600000,0x00000000ebc00000)
 ParOldGen       total 503296K, used 502880K [0x00000000c0000000, 0x00000000deb80000, 0x00000000eab00000)
  object space 503296K, 99% used [0x00000000c0000000,0x00000000deb182f8,0x00000000deb80000)
 Metaspace       used 60238K, committed 61632K, reserved 1114112K
  class space    used 6306K, committed 6912K, reserved 1048576K
}
Event: 97.146 GC heap after
{Heap after GC invocations=529 (full 3):
 PSYoungGen      total 8704K, used 3264K [0x00000000eab00000, 0x00000000eb980000, 0x0000000100000000)
  eden space 5120K, 0% used [0x00000000eab00000,0x00000000eab00000,0x00000000eb000000)
  from space 3584K, 91% used [0x00000000eb600000,0x00000000eb930000,0x00000000eb980000)
  to   space 4096K, 0% used [0x00000000eb180000,0x00000000eb180000,0x00000000eb580000)
 ParOldGen       total 505856K, used 505464K [0x00000000c0000000, 0x00000000dee00000, 0x00000000eab00000)
  object space 505856K, 99% used [0x00000000c0000000,0x00000000ded9e2f8,0x00000000dee00000)
 Metaspace       used 60238K, committed 61632K, reserved 1114112K
  class space    used 6306K, committed 6912K, reserved 1048576K
}
Event: 97.220 GC heap before
{Heap before GC invocations=530 (full 3):
 PSYoungGen      total 8704K, used 8384K [0x00000000eab00000, 0x00000000eb980000, 0x0000000100000000)
  eden space 5120K, 100% used [0x00000000eab00000,0x00000000eb000000,0x00000000eb000000)
  from space 3584K, 91% used [0x00000000eb600000,0x00000000eb930000,0x00000000eb980000)
  to   space 4096K, 0% used [0x00000000eb180000,0x00000000eb180000,0x00000000eb580000)
 ParOldGen       total 505856K, used 505464K [0x00000000c0000000, 0x00000000dee00000, 0x00000000eab00000)
  object space 505856K, 99% used [0x00000000c0000000,0x00000000ded9e2f8,0x00000000dee00000)
 Metaspace       used 60238K, committed 61632K, reserved 1114112K
  class space    used 6306K, committed 6912K, reserved 1048576K
}
Event: 97.236 GC heap after
{Heap after GC invocations=530 (full 3):
 PSYoungGen      total 10240K, used 3968K [0x00000000eab00000, 0x00000000eba00000, 0x0000000100000000)
  eden space 6144K, 0% used [0x00000000eab00000,0x00000000eab00000,0x00000000eb100000)
  from space 4096K, 96% used [0x00000000eb180000,0x00000000eb560000,0x00000000eb580000)
  to   space 4608K, 0% used [0x00000000eb580000,0x00000000eb580000,0x00000000eba00000)
 ParOldGen       total 508928K, used 508624K [0x00000000c0000000, 0x00000000df100000, 0x00000000eab00000)
  object space 508928K, 99% used [0x00000000c0000000,0x00000000df0b42f8,0x00000000df100000)
 Metaspace       used 60238K, committed 61632K, reserved 1114112K
  class space    used 6306K, committed 6912K, reserved 1048576K
}
Event: 99.415 GC heap before
{Heap before GC invocations=531 (full 3):
 PSYoungGen      total 10240K, used 10017K [0x00000000eab00000, 0x00000000eba00000, 0x0000000100000000)
  eden space 6144K, 98% used [0x00000000eab00000,0x00000000eb0e87b8,0x00000000eb100000)
  from space 4096K, 96% used [0x00000000eb180000,0x00000000eb560000,0x00000000eb580000)
  to   space 4608K, 0% used [0x00000000eb580000,0x00000000eb580000,0x00000000eba00000)
 ParOldGen       total 508928K, used 508624K [0x00000000c0000000, 0x00000000df100000, 0x00000000eab00000)
  object space 508928K, 99% used [0x00000000c0000000,0x00000000df0b42f8,0x00000000df100000)
 Metaspace       used 60276K, committed 61632K, reserved 1114112K
  class space    used 6308K, committed 6912K, reserved 1048576K
}
Event: 99.433 GC heap after
{Heap after GC invocations=531 (full 3):
 PSYoungGen      total 10240K, used 3976K [0x00000000eab00000, 0x00000000eb980000, 0x0000000100000000)
  eden space 6144K, 0% used [0x00000000eab00000,0x00000000eab00000,0x00000000eb100000)
  from space 4096K, 97% used [0x00000000eb580000,0x00000000eb962000,0x00000000eb980000)
  to   space 4096K, 0% used [0x00000000eb180000,0x00000000eb180000,0x00000000eb580000)
 ParOldGen       total 513024K, used 512536K [0x00000000c0000000, 0x00000000df500000, 0x00000000eab00000)
  object space 513024K, 99% used [0x00000000c0000000,0x00000000df4862f8,0x00000000df500000)
 Metaspace       used 60276K, committed 61632K, reserved 1114112K
  class space    used 6308K, committed 6912K, reserved 1048576K
}
Event: 101.537 GC heap before
{Heap before GC invocations=532 (full 3):
 PSYoungGen      total 10240K, used 10120K [0x00000000eab00000, 0x00000000eb980000, 0x0000000100000000)
  eden space 6144K, 100% used [0x00000000eab00000,0x00000000eb100000,0x00000000eb100000)
  from space 4096K, 97% used [0x00000000eb580000,0x00000000eb962000,0x00000000eb980000)
  to   space 4096K, 0% used [0x00000000eb180000,0x00000000eb180000,0x00000000eb580000)
 ParOldGen       total 513024K, used 512536K [0x00000000c0000000, 0x00000000df500000, 0x00000000eab00000)
  object space 513024K, 99% used [0x00000000c0000000,0x00000000df4862f8,0x00000000df500000)
 Metaspace       used 60430K, committed 61824K, reserved 1114112K
  class space    used 6317K, committed 6912K, reserved 1048576K
}
Event: 101.560 GC heap after
{Heap after GC invocations=532 (full 3):
 PSYoungGen      total 9216K, used 2567K [0x00000000eab00000, 0x00000000eb800000, 0x0000000100000000)
  eden space 6144K, 0% used [0x00000000eab00000,0x00000000eab00000,0x00000000eb100000)
  from space 3072K, 83% used [0x00000000eb180000,0x00000000eb401e10,0x00000000eb480000)
  to   space 3584K, 0% used [0x00000000eb480000,0x00000000eb480000,0x00000000eb800000)
 ParOldGen       total 515584K, used 515392K [0x00000000c0000000, 0x00000000df780000, 0x00000000eab00000)
  object space 515584K, 99% used [0x00000000c0000000,0x00000000df7502f8,0x00000000df780000)
 Metaspace       used 60430K, committed 61824K, reserved 1114112K
  class space    used 6317K, committed 6912K, reserved 1048576K
}
Event: 101.899 GC heap before
{Heap before GC invocations=533 (full 3):
 PSYoungGen      total 9216K, used 8711K [0x00000000eab00000, 0x00000000eb800000, 0x0000000100000000)
  eden space 6144K, 100% used [0x00000000eab00000,0x00000000eb100000,0x00000000eb100000)
  from space 3072K, 83% used [0x00000000eb180000,0x00000000eb401e10,0x00000000eb480000)
  to   space 3584K, 0% used [0x00000000eb480000,0x00000000eb480000,0x00000000eb800000)
 ParOldGen       total 515584K, used 515392K [0x00000000c0000000, 0x00000000df780000, 0x00000000eab00000)
  object space 515584K, 99% used [0x00000000c0000000,0x00000000df7502f8,0x00000000df780000)
 Metaspace       used 60432K, committed 61824K, reserved 1114112K
  class space    used 6317K, committed 6912K, reserved 1048576K
}
Event: 101.908 GC heap after
{Heap after GC invocations=533 (full 3):
 PSYoungGen      total 7680K, used 1417K [0x00000000eab00000, 0x00000000eb600000, 0x0000000100000000)
  eden space 6144K, 0% used [0x00000000eab00000,0x00000000eab00000,0x00000000eb100000)
  from space 1536K, 92% used [0x00000000eb480000,0x00000000eb5e2710,0x00000000eb600000)
  to   space 2048K, 0% used [0x00000000eb200000,0x00000000eb200000,0x00000000eb400000)
 ParOldGen       total 515584K, used 515472K [0x00000000c0000000, 0x00000000df780000, 0x00000000eab00000)
  object space 515584K, 99% used [0x00000000c0000000,0x00000000df764308,0x00000000df780000)
 Metaspace       used 60432K, committed 61824K, reserved 1114112K
  class space    used 6317K, committed 6912K, reserved 1048576K
}
Event: 137.064 GC heap before
{Heap before GC invocations=534 (full 3):
 PSYoungGen      total 7680K, used 7561K [0x00000000eab00000, 0x00000000eb600000, 0x0000000100000000)
  eden space 6144K, 100% used [0x00000000eab00000,0x00000000eb100000,0x00000000eb100000)
  from space 1536K, 92% used [0x00000000eb480000,0x00000000eb5e2710,0x00000000eb600000)
  to   space 2048K, 0% used [0x00000000eb200000,0x00000000eb200000,0x00000000eb400000)
 ParOldGen       total 515584K, used 515472K [0x00000000c0000000, 0x00000000df780000, 0x00000000eab00000)
  object space 515584K, 99% used [0x00000000c0000000,0x00000000df764308,0x00000000df780000)
 Metaspace       used 60727K, committed 62144K, reserved 1114112K
  class space    used 6348K, committed 6976K, reserved 1048576K
}
Event: 137.067 GC heap after
{Heap after GC invocations=534 (full 3):
 PSYoungGen      total 8192K, used 192K [0x00000000eab00000, 0x00000000eb500000, 0x0000000100000000)
  eden space 6144K, 0% used [0x00000000eab00000,0x00000000eab00000,0x00000000eb100000)
  from space 2048K, 9% used [0x00000000eb200000,0x00000000eb230000,0x00000000eb400000)
  to   space 1024K, 0% used [0x00000000eb400000,0x00000000eb400000,0x00000000eb500000)
 ParOldGen       total 515584K, used 515504K [0x00000000c0000000, 0x00000000df780000, 0x00000000eab00000)
  object space 515584K, 99% used [0x00000000c0000000,0x00000000df76c308,0x00000000df780000)
 Metaspace       used 60727K, committed 62144K, reserved 1114112K
  class space    used 6348K, committed 6976K, reserved 1048576K
}
Event: 194.567 GC heap before
{Heap before GC invocations=535 (full 3):
 PSYoungGen      total 8192K, used 6336K [0x00000000eab00000, 0x00000000eb500000, 0x0000000100000000)
  eden space 6144K, 100% used [0x00000000eab00000,0x00000000eb100000,0x00000000eb100000)
  from space 2048K, 9% used [0x00000000eb200000,0x00000000eb230000,0x00000000eb400000)
  to   space 1024K, 0% used [0x00000000eb400000,0x00000000eb400000,0x00000000eb500000)
 ParOldGen       total 515584K, used 515504K [0x00000000c0000000, 0x00000000df780000, 0x00000000eab00000)
  object space 515584K, 99% used [0x00000000c0000000,0x00000000df76c308,0x00000000df780000)
 Metaspace       used 60842K, committed 62272K, reserved 1114112K
  class space    used 6360K, committed 6976K, reserved 1048576K
}
Event: 194.574 GC heap after
{Heap after GC invocations=535 (full 3):
 PSYoungGen      total 4608K, used 999K [0x00000000eab00000, 0x00000000ebc00000, 0x0000000100000000)
  eden space 3584K, 0% used [0x00000000eab00000,0x00000000eab00000,0x00000000eae80000)
  from space 1024K, 97% used [0x00000000eb400000,0x00000000eb4f9e10,0x00000000eb500000)
  to   space 5632K, 0% used [0x00000000eae80000,0x00000000eae80000,0x00000000eb400000)
 ParOldGen       total 519680K, used 519216K [0x00000000c0000000, 0x00000000dfb80000, 0x00000000eab00000)
  object space 519680K, 99% used [0x00000000c0000000,0x00000000dfb0c308,0x00000000dfb80000)
 Metaspace       used 60842K, committed 62272K, reserved 1114112K
  class space    used 6360K, committed 6976K, reserved 1048576K
}
Event: 194.969 GC heap before
{Heap before GC invocations=536 (full 3):
 PSYoungGen      total 4608K, used 4440K [0x00000000eab00000, 0x00000000ebc00000, 0x0000000100000000)
  eden space 3584K, 96% used [0x00000000eab00000,0x00000000eae5c500,0x00000000eae80000)
  from space 1024K, 97% used [0x00000000eb400000,0x00000000eb4f9e10,0x00000000eb500000)
  to   space 5632K, 0% used [0x00000000eae80000,0x00000000eae80000,0x00000000eb400000)
 ParOldGen       total 519680K, used 519216K [0x00000000c0000000, 0x00000000dfb80000, 0x00000000eab00000)
  object space 519680K, 99% used [0x00000000c0000000,0x00000000dfb0c308,0x00000000dfb80000)
 Metaspace       used 60849K, committed 62272K, reserved 1114112K
  class space    used 6360K, committed 6976K, reserved 1048576K
}
Event: 194.977 GC heap after
{Heap after GC invocations=536 (full 3):
 PSYoungGen      total 4096K, used 500K [0x00000000eab00000, 0x00000000eb480000, 0x0000000100000000)
  eden space 3584K, 0% used [0x00000000eab00000,0x00000000eab00000,0x00000000eae80000)
  from space 512K, 97% used [0x00000000eae80000,0x00000000eaefd388,0x00000000eaf00000)
  to   space 2048K, 0% used [0x00000000eb280000,0x00000000eb280000,0x00000000eb480000)
 ParOldGen       total 519680K, used 519304K [0x00000000c0000000, 0x00000000dfb80000, 0x00000000eab00000)
  object space 519680K, 99% used [0x00000000c0000000,0x00000000dfb22328,0x00000000dfb80000)
 Metaspace       used 60849K, committed 62272K, reserved 1114112K
  class space    used 6360K, committed 6976K, reserved 1048576K
}
Event: 195.030 GC heap before
{Heap before GC invocations=537 (full 3):
 PSYoungGen      total 4096K, used 4058K [0x00000000eab00000, 0x00000000eb480000, 0x0000000100000000)
  eden space 3584K, 99% used [0x00000000eab00000,0x00000000eae797d8,0x00000000eae80000)
  from space 512K, 97% used [0x00000000eae80000,0x00000000eaefd388,0x00000000eaf00000)
  to   space 2048K, 0% used [0x00000000eb280000,0x00000000eb280000,0x00000000eb480000)
 ParOldGen       total 519680K, used 519304K [0x00000000c0000000, 0x00000000dfb80000, 0x00000000eab00000)
  object space 519680K, 99% used [0x00000000c0000000,0x00000000dfb22328,0x00000000dfb80000)
 Metaspace       used 60854K, committed 62272K, reserved 1114112K
  class space    used 6360K, committed 6976K, reserved 1048576K
}
Event: 195.037 GC heap after
{Heap after GC invocations=537 (full 3):
 PSYoungGen      total 5120K, used 2016K [0x00000000eab00000, 0x00000000eb780000, 0x0000000100000000)
  eden space 3072K, 0% used [0x00000000eab00000,0x00000000eab00000,0x00000000eae00000)
  from space 2048K, 98% used [0x00000000eb280000,0x00000000eb478388,0x00000000eb480000)
  to   space 4608K, 0% used [0x00000000eae00000,0x00000000eae00000,0x00000000eb280000)
 ParOldGen       total 521216K, used 520946K [0x00000000c0000000, 0x00000000dfd00000, 0x00000000eab00000)
  object space 521216K, 99% used [0x00000000c0000000,0x00000000dfcbca38,0x00000000dfd00000)
 Metaspace       used 60854K, committed 62272K, reserved 1114112K
  class space    used 6360K, committed 6976K, reserved 1048576K
}
Event: 195.526 GC heap before
{Heap before GC invocations=538 (full 3):
 PSYoungGen      total 5120K, used 5088K [0x00000000eab00000, 0x00000000eb780000, 0x0000000100000000)
  eden space 3072K, 100% used [0x00000000eab00000,0x00000000eae00000,0x00000000eae00000)
  from space 2048K, 98% used [0x00000000eb280000,0x00000000eb478388,0x00000000eb480000)
  to   space 4608K, 0% used [0x00000000eae00000,0x00000000eae00000,0x00000000eb280000)
 ParOldGen       total 521216K, used 520946K [0x00000000c0000000, 0x00000000dfd00000, 0x00000000eab00000)
  object space 521216K, 99% used [0x00000000c0000000,0x00000000dfcbca38,0x00000000dfd00000)
 Metaspace       used 60915K, committed 62336K, reserved 1114112K
  class space    used 6365K, committed 6976K, reserved 1048576K
}
Event: 195.539 GC heap after
{Heap after GC invocations=538 (full 3):
 PSYoungGen      total 4608K, used 1232K [0x00000000eab00000, 0x00000000eb300000, 0x0000000100000000)
  eden space 3072K, 0% used [0x00000000eab00000,0x00000000eab00000,0x00000000eae00000)
  from space 1536K, 80% used [0x00000000eae00000,0x00000000eaf34000,0x00000000eaf80000)
  to   space 2560K, 0% used [0x00000000eb080000,0x00000000eb080000,0x00000000eb300000)
 ParOldGen       total 523264K, used 522863K [0x00000000c0000000, 0x00000000dff00000, 0x00000000eab00000)
  object space 523264K, 99% used [0x00000000c0000000,0x00000000dfe9bdc0,0x00000000dff00000)
 Metaspace       used 60915K, committed 62336K, reserved 1114112K
  class space    used 6365K, committed 6976K, reserved 1048576K
}

