# JRE version: OpenJDK Runtime Environment Temurin-21.0.7+6 (21.0.7+6) (build 21.0.7+6-LTS)
# Java VM: OpenJDK 64-Bit Server VM Temurin-21.0.7+6 (21.0.7+6-LTS, mixed mode, sharing, tiered, compressed oops, compressed class ptrs, parallel gc, windows-amd64)
GC Precious Log:
 CardTable entry size: 512
 CPUs: 8 total, 8 available
 Memory: 8035M
 Large Page Support: Disabled
 NUMA Support: Disabled
 Compressed Oops: Enabled (32-bit)
 Alignments: Space 512K, Generation 512K, Heap 2M
 Heap Min Capacity: 100M
 Heap Initial Capacity: 100M
 Heap Max Capacity: 1G
 Pre-touch: Disabled
 Parallel Workers: 8
Heap:
 PSYoungGen      total 20480K, used 16664K [0x00000000eab00000, 0x00000000ece00000, 0x0000000100000000)
  eden space 17920K, 78% used [0x00000000eab00000,0x00000000eb8cb208,0x00000000ebc80000)
  from space 2560K, 99% used [0x00000000ec480000,0x00000000ec6fb1e0,0x00000000ec700000)
  to   space 8192K, 0% used [0x00000000ebc80000,0x00000000ebc80000,0x00000000ec480000)
 ParOldGen       total 68608K, used 55138K [0x00000000c0000000, 0x00000000c4300000, 0x00000000eab00000)
  object space 68608K, 80% used [0x00000000c0000000,0x00000000c35d88f0,0x00000000c4300000)
 Metaspace       used 55479K, committed 56640K, reserved 1114112K
  class space    used 5942K, committed 6464K, reserved 1048576K
GC Heap History (20 events):
Event: 39.522 GC heap before
{Heap before GC invocations=25 (full 2):
 PSYoungGen      total 22016K, used 21997K [0x00000000eab00000, 0x00000000eca80000, 0x0000000100000000)
  eden space 19456K, 100% used [0x00000000eab00000,0x00000000ebe00000,0x00000000ebe00000)
  from space 2560K, 99% used [0x00000000ec300000,0x00000000ec57b520,0x00000000ec580000)
  to   space 5120K, 0% used [0x00000000ebe00000,0x00000000ebe00000,0x00000000ec300000)
 ParOldGen       total 68608K, used 27558K [0x00000000c0000000, 0x00000000c4300000, 0x00000000eab00000)
  object space 68608K, 40% used [0x00000000c0000000,0x00000000c1ae9a38,0x00000000c4300000)
 Metaspace       used 52876K, committed 54080K, reserved 1114112K
  class space    used 5684K, committed 6208K, reserved 1048576K
}
Event: 39.529 GC heap after
{Heap after GC invocations=25 (full 2):
 PSYoungGen      total 22016K, used 2224K [0x00000000eab00000, 0x00000000ec500000, 0x0000000100000000)
  eden space 19456K, 0% used [0x00000000eab00000,0x00000000eab00000,0x00000000ebe00000)
  from space 2560K, 86% used [0x00000000ebe00000,0x00000000ec02c0e8,0x00000000ec080000)
  to   space 3584K, 0% used [0x00000000ec180000,0x00000000ec180000,0x00000000ec500000)
 ParOldGen       total 68608K, used 30067K [0x00000000c0000000, 0x00000000c4300000, 0x00000000eab00000)
  object space 68608K, 43% used [0x00000000c0000000,0x00000000c1d5cf58,0x00000000c4300000)
 Metaspace       used 52876K, committed 54080K, reserved 1114112K
  class space    used 5684K, committed 6208K, reserved 1048576K
}
Event: 39.734 GC heap before
{Heap before GC invocations=26 (full 2):
 PSYoungGen      total 22016K, used 21680K [0x00000000eab00000, 0x00000000ec500000, 0x0000000100000000)
  eden space 19456K, 100% used [0x00000000eab00000,0x00000000ebe00000,0x00000000ebe00000)
  from space 2560K, 86% used [0x00000000ebe00000,0x00000000ec02c0e8,0x00000000ec080000)
  to   space 3584K, 0% used [0x00000000ec180000,0x00000000ec180000,0x00000000ec500000)
 ParOldGen       total 68608K, used 30067K [0x00000000c0000000, 0x00000000c4300000, 0x00000000eab00000)
  object space 68608K, 43% used [0x00000000c0000000,0x00000000c1d5cf58,0x00000000c4300000)
 Metaspace       used 52929K, committed 54080K, reserved 1114112K
  class space    used 5686K, committed 6208K, reserved 1048576K
}
Event: 39.742 GC heap after
{Heap after GC invocations=26 (full 2):
 PSYoungGen      total 22016K, used 2171K [0x00000000eab00000, 0x00000000ec400000, 0x0000000100000000)
  eden space 19456K, 0% used [0x00000000eab00000,0x00000000eab00000,0x00000000ebe00000)
  from space 2560K, 84% used [0x00000000ec180000,0x00000000ec39ed30,0x00000000ec400000)
  to   space 2560K, 0% used [0x00000000ebe00000,0x00000000ebe00000,0x00000000ec080000)
 ParOldGen       total 68608K, used 32142K [0x00000000c0000000, 0x00000000c4300000, 0x00000000eab00000)
  object space 68608K, 46% used [0x00000000c0000000,0x00000000c1f63928,0x00000000c4300000)
 Metaspace       used 52929K, committed 54080K, reserved 1114112K
  class space    used 5686K, committed 6208K, reserved 1048576K
}
Event: 40.032 GC heap before
{Heap before GC invocations=27 (full 2):
 PSYoungGen      total 22016K, used 21627K [0x00000000eab00000, 0x00000000ec400000, 0x0000000100000000)
  eden space 19456K, 100% used [0x00000000eab00000,0x00000000ebe00000,0x00000000ebe00000)
  from space 2560K, 84% used [0x00000000ec180000,0x00000000ec39ed30,0x00000000ec400000)
  to   space 2560K, 0% used [0x00000000ebe00000,0x00000000ebe00000,0x00000000ec080000)
 ParOldGen       total 68608K, used 32142K [0x00000000c0000000, 0x00000000c4300000, 0x00000000eab00000)
  object space 68608K, 46% used [0x00000000c0000000,0x00000000c1f63928,0x00000000c4300000)
 Metaspace       used 52966K, committed 54144K, reserved 1114112K
  class space    used 5690K, committed 6208K, reserved 1048576K
}
Event: 40.041 GC heap after
{Heap after GC invocations=27 (full 2):
 PSYoungGen      total 22016K, used 2020K [0x00000000eab00000, 0x00000000ec300000, 0x0000000100000000)
  eden space 19456K, 0% used [0x00000000eab00000,0x00000000eab00000,0x00000000ebe00000)
  from space 2560K, 78% used [0x00000000ebe00000,0x00000000ebff9000,0x00000000ec080000)
  to   space 2560K, 0% used [0x00000000ec080000,0x00000000ec080000,0x00000000ec300000)
 ParOldGen       total 68608K, used 34236K [0x00000000c0000000, 0x00000000c4300000, 0x00000000eab00000)
  object space 68608K, 49% used [0x00000000c0000000,0x00000000c216f388,0x00000000c4300000)
 Metaspace       used 52966K, committed 54144K, reserved 1114112K
  class space    used 5690K, committed 6208K, reserved 1048576K
}
Event: 40.350 GC heap before
{Heap before GC invocations=28 (full 2):
 PSYoungGen      total 22016K, used 21476K [0x00000000eab00000, 0x00000000ec300000, 0x0000000100000000)
  eden space 19456K, 100% used [0x00000000eab00000,0x00000000ebe00000,0x00000000ebe00000)
  from space 2560K, 78% used [0x00000000ebe00000,0x00000000ebff9000,0x00000000ec080000)
  to   space 2560K, 0% used [0x00000000ec080000,0x00000000ec080000,0x00000000ec300000)
 ParOldGen       total 68608K, used 34236K [0x00000000c0000000, 0x00000000c4300000, 0x00000000eab00000)
  object space 68608K, 49% used [0x00000000c0000000,0x00000000c216f388,0x00000000c4300000)
 Metaspace       used 53009K, committed 54208K, reserved 1114112K
  class space    used 5690K, committed 6208K, reserved 1048576K
}
Event: 40.358 GC heap after
{Heap after GC invocations=28 (full 2):
 PSYoungGen      total 21504K, used 2016K [0x00000000eab00000, 0x00000000ec280000, 0x0000000100000000)
  eden space 19456K, 0% used [0x00000000eab00000,0x00000000eab00000,0x00000000ebe00000)
  from space 2048K, 98% used [0x00000000ec080000,0x00000000ec278000,0x00000000ec280000)
  to   space 2048K, 0% used [0x00000000ebe80000,0x00000000ebe80000,0x00000000ec080000)
 ParOldGen       total 68608K, used 36131K [0x00000000c0000000, 0x00000000c4300000, 0x00000000eab00000)
  object space 68608K, 52% used [0x00000000c0000000,0x00000000c2348cd0,0x00000000c4300000)
 Metaspace       used 53009K, committed 54208K, reserved 1114112K
  class space    used 5690K, committed 6208K, reserved 1048576K
}
Event: 40.618 GC heap before
{Heap before GC invocations=29 (full 2):
 PSYoungGen      total 21504K, used 21472K [0x00000000eab00000, 0x00000000ec280000, 0x0000000100000000)
  eden space 19456K, 100% used [0x00000000eab00000,0x00000000ebe00000,0x00000000ebe00000)
  from space 2048K, 98% used [0x00000000ec080000,0x00000000ec278000,0x00000000ec280000)
  to   space 2048K, 0% used [0x00000000ebe80000,0x00000000ebe80000,0x00000000ec080000)
 ParOldGen       total 68608K, used 36131K [0x00000000c0000000, 0x00000000c4300000, 0x00000000eab00000)
  object space 68608K, 52% used [0x00000000c0000000,0x00000000c2348cd0,0x00000000c4300000)
 Metaspace       used 53053K, committed 54272K, reserved 1114112K
  class space    used 5690K, committed 6208K, reserved 1048576K
}
Event: 40.629 GC heap after
{Heap after GC invocations=29 (full 2):
 PSYoungGen      total 21504K, used 2016K [0x00000000eab00000, 0x00000000ec700000, 0x0000000100000000)
  eden space 19456K, 0% used [0x00000000eab00000,0x00000000eab00000,0x00000000ebe00000)
  from space 2048K, 98% used [0x00000000ebe80000,0x00000000ec078010,0x00000000ec080000)
  to   space 4608K, 0% used [0x00000000ec280000,0x00000000ec280000,0x00000000ec700000)
 ParOldGen       total 68608K, used 38095K [0x00000000c0000000, 0x00000000c4300000, 0x00000000eab00000)
  object space 68608K, 55% used [0x00000000c0000000,0x00000000c2533c60,0x00000000c4300000)
 Metaspace       used 53053K, committed 54272K, reserved 1114112K
  class space    used 5690K, committed 6208K, reserved 1048576K
}
Event: 40.826 GC heap before
{Heap before GC invocations=30 (full 2):
 PSYoungGen      total 21504K, used 21472K [0x00000000eab00000, 0x00000000ec700000, 0x0000000100000000)
  eden space 19456K, 100% used [0x00000000eab00000,0x00000000ebe00000,0x00000000ebe00000)
  from space 2048K, 98% used [0x00000000ebe80000,0x00000000ec078010,0x00000000ec080000)
  to   space 4608K, 0% used [0x00000000ec280000,0x00000000ec280000,0x00000000ec700000)
 ParOldGen       total 68608K, used 38095K [0x00000000c0000000, 0x00000000c4300000, 0x00000000eab00000)
  object space 68608K, 55% used [0x00000000c0000000,0x00000000c2533c60,0x00000000c4300000)
 Metaspace       used 53100K, committed 54336K, reserved 1114112K
  class space    used 5690K, committed 6208K, reserved 1048576K
}
Event: 40.835 GC heap after
{Heap after GC invocations=30 (full 2):
 PSYoungGen      total 22016K, used 2082K [0x00000000eab00000, 0x00000000ec500000, 0x0000000100000000)
  eden space 19456K, 0% used [0x00000000eab00000,0x00000000eab00000,0x00000000ebe00000)
  from space 2560K, 81% used [0x00000000ec280000,0x00000000ec488b30,0x00000000ec500000)
  to   space 3072K, 0% used [0x00000000ebf00000,0x00000000ebf00000,0x00000000ec200000)
 ParOldGen       total 68608K, used 40007K [0x00000000c0000000, 0x00000000c4300000, 0x00000000eab00000)
  object space 68608K, 58% used [0x00000000c0000000,0x00000000c2711cf8,0x00000000c4300000)
 Metaspace       used 53100K, committed 54336K, reserved 1114112K
  class space    used 5690K, committed 6208K, reserved 1048576K
}
Event: 41.384 GC heap before
{Heap before GC invocations=31 (full 2):
 PSYoungGen      total 22016K, used 21538K [0x00000000eab00000, 0x00000000ec500000, 0x0000000100000000)
  eden space 19456K, 100% used [0x00000000eab00000,0x00000000ebe00000,0x00000000ebe00000)
  from space 2560K, 81% used [0x00000000ec280000,0x00000000ec488b30,0x00000000ec500000)
  to   space 3072K, 0% used [0x00000000ebf00000,0x00000000ebf00000,0x00000000ec200000)
 ParOldGen       total 68608K, used 40007K [0x00000000c0000000, 0x00000000c4300000, 0x00000000eab00000)
  object space 68608K, 58% used [0x00000000c0000000,0x00000000c2711cf8,0x00000000c4300000)
 Metaspace       used 54065K, committed 55232K, reserved 1114112K
  class space    used 5760K, committed 6272K, reserved 1048576K
}
Event: 41.393 GC heap after
{Heap after GC invocations=31 (full 2):
 PSYoungGen      total 22528K, used 3071K [0x00000000eab00000, 0x00000000ece00000, 0x0000000100000000)
  eden space 19456K, 0% used [0x00000000eab00000,0x00000000eab00000,0x00000000ebe00000)
  from space 3072K, 99% used [0x00000000ebf00000,0x00000000ec1fffb8,0x00000000ec200000)
  to   space 8192K, 0% used [0x00000000ec600000,0x00000000ec600000,0x00000000ece00000)
 ParOldGen       total 68608K, used 43853K [0x00000000c0000000, 0x00000000c4300000, 0x00000000eab00000)
  object space 68608K, 63% used [0x00000000c0000000,0x00000000c2ad3408,0x00000000c4300000)
 Metaspace       used 54065K, committed 55232K, reserved 1114112K
  class space    used 5760K, committed 6272K, reserved 1048576K
}
Event: 41.756 GC heap before
{Heap before GC invocations=32 (full 2):
 PSYoungGen      total 22528K, used 22527K [0x00000000eab00000, 0x00000000ece00000, 0x0000000100000000)
  eden space 19456K, 100% used [0x00000000eab00000,0x00000000ebe00000,0x00000000ebe00000)
  from space 3072K, 99% used [0x00000000ebf00000,0x00000000ec1fffb8,0x00000000ec200000)
  to   space 8192K, 0% used [0x00000000ec600000,0x00000000ec600000,0x00000000ece00000)
 ParOldGen       total 68608K, used 43853K [0x00000000c0000000, 0x00000000c4300000, 0x00000000eab00000)
  object space 68608K, 63% used [0x00000000c0000000,0x00000000c2ad3408,0x00000000c4300000)
 Metaspace       used 54769K, committed 56000K, reserved 1114112K
  class space    used 5850K, committed 6400K, reserved 1048576K
}
Event: 41.768 GC heap after
{Heap after GC invocations=32 (full 2):
 PSYoungGen      total 23552K, used 3697K [0x00000000eab00000, 0x00000000eca00000, 0x0000000100000000)
  eden space 19456K, 0% used [0x00000000eab00000,0x00000000eab00000,0x00000000ebe00000)
  from space 4096K, 90% used [0x00000000ec600000,0x00000000ec99c600,0x00000000eca00000)
  to   space 5120K, 0% used [0x00000000ec000000,0x00000000ec000000,0x00000000ec500000)
 ParOldGen       total 68608K, used 46794K [0x00000000c0000000, 0x00000000c4300000, 0x00000000eab00000)
  object space 68608K, 68% used [0x00000000c0000000,0x00000000c2db2930,0x00000000c4300000)
 Metaspace       used 54769K, committed 56000K, reserved 1114112K
  class space    used 5850K, committed 6400K, reserved 1048576K
}
Event: 42.277 GC heap before
{Heap before GC invocations=33 (full 2):
 PSYoungGen      total 23552K, used 23153K [0x00000000eab00000, 0x00000000eca00000, 0x0000000100000000)
  eden space 19456K, 100% used [0x00000000eab00000,0x00000000ebe00000,0x00000000ebe00000)
  from space 4096K, 90% used [0x00000000ec600000,0x00000000ec99c600,0x00000000eca00000)
  to   space 5120K, 0% used [0x00000000ec000000,0x00000000ec000000,0x00000000ec500000)
 ParOldGen       total 68608K, used 46794K [0x00000000c0000000, 0x00000000c4300000, 0x00000000eab00000)
  object space 68608K, 68% used [0x00000000c0000000,0x00000000c2db2930,0x00000000c4300000)
 Metaspace       used 55135K, committed 56320K, reserved 1114112K
  class space    used 5882K, committed 6400K, reserved 1048576K
}
Event: 42.288 GC heap after
{Heap after GC invocations=33 (full 2):
 PSYoungGen      total 24064K, used 4376K [0x00000000eab00000, 0x00000000ec700000, 0x0000000100000000)
  eden space 19456K, 0% used [0x00000000eab00000,0x00000000eab00000,0x00000000ebe00000)
  from space 4608K, 94% used [0x00000000ec000000,0x00000000ec446200,0x00000000ec480000)
  to   space 2560K, 0% used [0x00000000ec480000,0x00000000ec480000,0x00000000ec700000)
 ParOldGen       total 68608K, used 50269K [0x00000000c0000000, 0x00000000c4300000, 0x00000000eab00000)
  object space 68608K, 73% used [0x00000000c0000000,0x00000000c31176b0,0x00000000c4300000)
 Metaspace       used 55135K, committed 56320K, reserved 1114112K
  class space    used 5882K, committed 6400K, reserved 1048576K
}
Event: 42.758 GC heap before
{Heap before GC invocations=34 (full 2):
 PSYoungGen      total 24064K, used 23812K [0x00000000eab00000, 0x00000000ec700000, 0x0000000100000000)
  eden space 19456K, 99% used [0x00000000eab00000,0x00000000ebdfaec0,0x00000000ebe00000)
  from space 4608K, 94% used [0x00000000ec000000,0x00000000ec446200,0x00000000ec480000)
  to   space 2560K, 0% used [0x00000000ec480000,0x00000000ec480000,0x00000000ec700000)
 ParOldGen       total 68608K, used 50269K [0x00000000c0000000, 0x00000000c4300000, 0x00000000eab00000)
  object space 68608K, 73% used [0x00000000c0000000,0x00000000c31176b0,0x00000000c4300000)
 Metaspace       used 55394K, committed 56576K, reserved 1114112K
  class space    used 5920K, committed 6464K, reserved 1048576K
}
Event: 42.767 GC heap after
{Heap after GC invocations=34 (full 2):
 PSYoungGen      total 20480K, used 2540K [0x00000000eab00000, 0x00000000ece00000, 0x0000000100000000)
  eden space 17920K, 0% used [0x00000000eab00000,0x00000000eab00000,0x00000000ebc80000)
  from space 2560K, 99% used [0x00000000ec480000,0x00000000ec6fb1e0,0x00000000ec700000)
  to   space 8192K, 0% used [0x00000000ebc80000,0x00000000ebc80000,0x00000000ec480000)
 ParOldGen       total 68608K, used 55138K [0x00000000c0000000, 0x00000000c4300000, 0x00000000eab00000)
  object space 68608K, 80% used [0x00000000c0000000,0x00000000c35d88f0,0x00000000c4300000)
 Metaspace       used 55394K, committed 56576K, reserved 1114112K
  class space    used 5920K, committed 6464K, reserved 1048576K
}

